2025-11-11 23:14:59,567 [INFO] Starting CASC training...
2025-11-11 23:14:59,567 [INFO] Using device: cpu
2025-11-11 23:14:59,567 [INFO] Creating model...
2025-11-11 23:15:06,713 [INFO] Model created with 536,314,428 parameters
2025-11-11 23:15:06,714 [INFO] Loading dataset from ./data/CUHK-PEDES...
2025-11-11 23:15:07,549 [INFO] Training dataset size: 100
2025-11-11 23:15:07,551 [INFO] Starting training loop...
2025-11-11 23:15:07,551 [INFO] 
============================================================
2025-11-11 23:15:07,551 [INFO] Epoch 1/30
2025-11-11 23:15:07,551 [INFO] ============================================================
2025-11-11 23:15:07,993 [ERROR] Error in batch 0: Input image size (384*384) doesn't match model (224*224).
2025-11-11 23:15:08,042 [INFO] Epoch 1 Results:
2025-11-11 23:15:08,042 [INFO]   Average Loss: 0.0000
2025-11-11 23:15:08,042 [INFO]   ITC Loss: 0.0000
2025-11-11 23:15:08,042 [INFO]   ICC Loss: 0.0000
2025-11-11 23:15:08,042 [INFO]   TCC Loss: 0.0000
2025-11-11 23:15:08,042 [INFO]   ITM Loss: 0.0000
2025-11-11 23:15:08,042 [INFO]   LM Loss: 0.0000
2025-11-11 23:15:08,042 [INFO]   Learning Rate: 0.000100
2025-11-11 23:15:09,420 [INFO]   ✓ New best model saved! Loss: 0.0000
2025-11-11 23:15:09,420 [INFO] 
============================================================
2025-11-11 23:15:09,420 [INFO] Epoch 2/30
2025-11-11 23:15:09,420 [INFO] ============================================================
2025-11-11 23:15:09,872 [ERROR] Error in batch 0: Input image size (384*384) doesn't match model (224*224).
2025-11-11 23:15:09,906 [INFO] Epoch 2 Results:
2025-11-11 23:15:09,906 [INFO]   Average Loss: 0.0000
2025-11-11 23:15:09,907 [INFO]   ITC Loss: 0.0000
2025-11-11 23:15:09,907 [INFO]   ICC Loss: 0.0000
2025-11-11 23:15:09,907 [INFO]   TCC Loss: 0.0000
2025-11-11 23:15:09,907 [INFO]   ITM Loss: 0.0000
2025-11-11 23:15:09,907 [INFO]   LM Loss: 0.0000
2025-11-11 23:15:09,907 [INFO]   Learning Rate: 0.000099
2025-11-11 23:15:09,907 [INFO] 
============================================================
2025-11-11 23:15:09,907 [INFO] Epoch 3/30
2025-11-11 23:15:09,907 [INFO] ============================================================
2025-11-11 23:15:10,351 [ERROR] Error in batch 0: Input image size (384*384) doesn't match model (224*224).
2025-11-11 23:15:10,386 [INFO] Epoch 3 Results:
2025-11-11 23:15:10,386 [INFO]   Average Loss: 0.0000
2025-11-11 23:15:10,386 [INFO]   ITC Loss: 0.0000
2025-11-11 23:15:10,386 [INFO]   ICC Loss: 0.0000
2025-11-11 23:15:10,386 [INFO]   TCC Loss: 0.0000
2025-11-11 23:15:10,386 [INFO]   ITM Loss: 0.0000
2025-11-11 23:15:10,386 [INFO]   LM Loss: 0.0000
2025-11-11 23:15:10,386 [INFO]   Learning Rate: 0.000098
2025-11-11 23:15:10,386 [INFO] 
============================================================
2025-11-11 23:15:10,386 [INFO] Epoch 4/30
2025-11-11 23:15:10,386 [INFO] ============================================================
2025-11-11 23:15:10,841 [ERROR] Error in batch 0: Input image size (384*384) doesn't match model (224*224).
2025-11-11 23:15:10,878 [INFO] Epoch 4 Results:
2025-11-11 23:15:10,878 [INFO]   Average Loss: 0.0000
2025-11-11 23:15:10,878 [INFO]   ITC Loss: 0.0000
2025-11-11 23:15:10,878 [INFO]   ICC Loss: 0.0000
2025-11-11 23:15:10,878 [INFO]   TCC Loss: 0.0000
2025-11-11 23:15:10,878 [INFO]   ITM Loss: 0.0000
2025-11-11 23:15:10,878 [INFO]   LM Loss: 0.0000
2025-11-11 23:15:10,878 [INFO]   Learning Rate: 0.000096
2025-11-11 23:15:10,878 [INFO] 
============================================================
2025-11-11 23:15:10,878 [INFO] Epoch 5/30
2025-11-11 23:15:10,878 [INFO] ============================================================
2025-11-11 23:15:11,332 [ERROR] Error in batch 0: Input image size (384*384) doesn't match model (224*224).
2025-11-11 23:15:11,376 [INFO] Epoch 5 Results:
2025-11-11 23:15:11,377 [INFO]   Average Loss: 0.0000
2025-11-11 23:15:11,377 [INFO]   ITC Loss: 0.0000
2025-11-11 23:15:11,377 [INFO]   ICC Loss: 0.0000
2025-11-11 23:15:11,377 [INFO]   TCC Loss: 0.0000
2025-11-11 23:15:11,377 [INFO]   ITM Loss: 0.0000
2025-11-11 23:15:11,377 [INFO]   LM Loss: 0.0000
2025-11-11 23:15:11,377 [INFO]   Learning Rate: 0.000093
2025-11-11 23:15:12,967 [INFO] 
============================================================
2025-11-11 23:15:12,967 [INFO] Epoch 6/30
2025-11-11 23:15:12,967 [INFO] ============================================================
2025-11-11 23:15:13,450 [ERROR] Error in batch 0: Input image size (384*384) doesn't match model (224*224).
2025-11-11 23:15:13,490 [INFO] Epoch 6 Results:
2025-11-11 23:15:13,490 [INFO]   Average Loss: 0.0000
2025-11-11 23:15:13,490 [INFO]   ITC Loss: 0.0000
2025-11-11 23:15:13,490 [INFO]   ICC Loss: 0.0000
2025-11-11 23:15:13,490 [INFO]   TCC Loss: 0.0000
2025-11-11 23:15:13,490 [INFO]   ITM Loss: 0.0000
2025-11-11 23:15:13,490 [INFO]   LM Loss: 0.0000
2025-11-11 23:15:13,490 [INFO]   Learning Rate: 0.000091
2025-11-11 23:15:13,490 [INFO] 
============================================================
2025-11-11 23:15:13,491 [INFO] Epoch 7/30
2025-11-11 23:15:13,491 [INFO] ============================================================
2025-11-11 23:15:13,948 [ERROR] Error in batch 0: Input image size (384*384) doesn't match model (224*224).
2025-11-11 23:15:13,984 [INFO] Epoch 7 Results:
2025-11-11 23:15:13,984 [INFO]   Average Loss: 0.0000
2025-11-11 23:15:13,984 [INFO]   ITC Loss: 0.0000
2025-11-11 23:15:13,984 [INFO]   ICC Loss: 0.0000
2025-11-11 23:15:13,984 [INFO]   TCC Loss: 0.0000
2025-11-11 23:15:13,984 [INFO]   ITM Loss: 0.0000
2025-11-11 23:15:13,984 [INFO]   LM Loss: 0.0000
2025-11-11 23:15:13,984 [INFO]   Learning Rate: 0.000087
2025-11-11 23:15:13,984 [INFO] 
============================================================
2025-11-11 23:15:13,984 [INFO] Epoch 8/30
2025-11-11 23:15:13,984 [INFO] ============================================================
2025-11-11 23:15:14,438 [ERROR] Error in batch 0: Input image size (384*384) doesn't match model (224*224).
2025-11-11 23:15:14,489 [INFO] Epoch 8 Results:
2025-11-11 23:15:14,489 [INFO]   Average Loss: 0.0000
2025-11-11 23:15:14,489 [INFO]   ITC Loss: 0.0000
2025-11-11 23:15:14,489 [INFO]   ICC Loss: 0.0000
2025-11-11 23:15:14,489 [INFO]   TCC Loss: 0.0000
2025-11-11 23:15:14,489 [INFO]   ITM Loss: 0.0000
2025-11-11 23:15:14,489 [INFO]   LM Loss: 0.0000
2025-11-11 23:15:14,490 [INFO]   Learning Rate: 0.000084
2025-11-11 23:15:14,490 [INFO] 
============================================================
2025-11-11 23:15:14,490 [INFO] Epoch 9/30
2025-11-11 23:15:14,490 [INFO] ============================================================
2025-11-11 23:15:14,952 [ERROR] Error in batch 0: Input image size (384*384) doesn't match model (224*224).
2025-11-11 23:15:14,982 [INFO] Epoch 9 Results:
2025-11-11 23:15:14,982 [INFO]   Average Loss: 0.0000
2025-11-11 23:15:14,982 [INFO]   ITC Loss: 0.0000
2025-11-11 23:15:14,982 [INFO]   ICC Loss: 0.0000
2025-11-11 23:15:14,982 [INFO]   TCC Loss: 0.0000
2025-11-11 23:15:14,982 [INFO]   ITM Loss: 0.0000
2025-11-11 23:15:14,982 [INFO]   LM Loss: 0.0000
2025-11-11 23:15:14,982 [INFO]   Learning Rate: 0.000080
2025-11-11 23:15:14,982 [INFO] 
============================================================
2025-11-11 23:15:14,982 [INFO] Epoch 10/30
2025-11-11 23:15:14,983 [INFO] ============================================================
2025-11-11 23:15:15,446 [ERROR] Error in batch 0: Input image size (384*384) doesn't match model (224*224).
2025-11-11 23:15:15,479 [INFO] Epoch 10 Results:
2025-11-11 23:15:15,479 [INFO]   Average Loss: 0.0000
2025-11-11 23:15:15,479 [INFO]   ITC Loss: 0.0000
2025-11-11 23:15:15,479 [INFO]   ICC Loss: 0.0000
2025-11-11 23:15:15,479 [INFO]   TCC Loss: 0.0000
2025-11-11 23:15:15,479 [INFO]   ITM Loss: 0.0000
2025-11-11 23:15:15,479 [INFO]   LM Loss: 0.0000
2025-11-11 23:15:15,479 [INFO]   Learning Rate: 0.000075
2025-11-11 23:15:19,010 [INFO] 
============================================================
2025-11-11 23:15:19,010 [INFO] Epoch 11/30
2025-11-11 23:15:19,011 [INFO] ============================================================
2025-11-11 23:15:19,597 [ERROR] Error in batch 0: Input image size (384*384) doesn't match model (224*224).
2025-11-11 23:15:19,636 [INFO] Epoch 11 Results:
2025-11-11 23:15:19,636 [INFO]   Average Loss: 0.0000
2025-11-11 23:15:19,637 [INFO]   ITC Loss: 0.0000
2025-11-11 23:15:19,637 [INFO]   ICC Loss: 0.0000
2025-11-11 23:15:19,637 [INFO]   TCC Loss: 0.0000
2025-11-11 23:15:19,637 [INFO]   ITM Loss: 0.0000
2025-11-11 23:15:19,637 [INFO]   LM Loss: 0.0000
2025-11-11 23:15:19,637 [INFO]   Learning Rate: 0.000071
2025-11-11 23:15:19,637 [INFO] 
============================================================
2025-11-11 23:15:19,637 [INFO] Epoch 12/30
2025-11-11 23:15:19,637 [INFO] ============================================================
2025-11-11 23:15:20,144 [ERROR] Error in batch 0: Input image size (384*384) doesn't match model (224*224).
2025-11-11 23:15:20,175 [INFO] Epoch 12 Results:
2025-11-11 23:15:20,175 [INFO]   Average Loss: 0.0000
2025-11-11 23:15:20,175 [INFO]   ITC Loss: 0.0000
2025-11-11 23:15:20,175 [INFO]   ICC Loss: 0.0000
2025-11-11 23:15:20,175 [INFO]   TCC Loss: 0.0000
2025-11-11 23:15:20,175 [INFO]   ITM Loss: 0.0000
2025-11-11 23:15:20,175 [INFO]   LM Loss: 0.0000
2025-11-11 23:15:20,175 [INFO]   Learning Rate: 0.000066
2025-11-11 23:15:20,176 [INFO] 
============================================================
2025-11-11 23:15:20,176 [INFO] Epoch 13/30
2025-11-11 23:15:20,176 [INFO] ============================================================
2025-11-11 23:15:20,735 [ERROR] Error in batch 0: Input image size (384*384) doesn't match model (224*224).
2025-11-11 23:15:20,774 [INFO] Epoch 13 Results:
2025-11-11 23:15:20,774 [INFO]   Average Loss: 0.0000
2025-11-11 23:15:20,774 [INFO]   ITC Loss: 0.0000
2025-11-11 23:15:20,774 [INFO]   ICC Loss: 0.0000
2025-11-11 23:15:20,774 [INFO]   TCC Loss: 0.0000
2025-11-11 23:15:20,774 [INFO]   ITM Loss: 0.0000
2025-11-11 23:15:20,774 [INFO]   LM Loss: 0.0000
2025-11-11 23:15:20,774 [INFO]   Learning Rate: 0.000061
2025-11-11 23:15:20,774 [INFO] 
============================================================
2025-11-11 23:15:20,774 [INFO] Epoch 14/30
2025-11-11 23:15:20,774 [INFO] ============================================================
2025-11-11 23:15:21,276 [ERROR] Error in batch 0: Input image size (384*384) doesn't match model (224*224).
2025-11-11 23:15:21,320 [INFO] Epoch 14 Results:
2025-11-11 23:15:21,320 [INFO]   Average Loss: 0.0000
2025-11-11 23:15:21,321 [INFO]   ITC Loss: 0.0000
2025-11-11 23:15:21,321 [INFO]   ICC Loss: 0.0000
2025-11-11 23:15:21,321 [INFO]   TCC Loss: 0.0000
2025-11-11 23:15:21,322 [INFO]   ITM Loss: 0.0000
2025-11-11 23:15:21,322 [INFO]   LM Loss: 0.0000
2025-11-11 23:15:21,322 [INFO]   Learning Rate: 0.000056
2025-11-11 23:15:21,322 [INFO] 
============================================================
2025-11-11 23:15:21,322 [INFO] Epoch 15/30
2025-11-11 23:15:21,322 [INFO] ============================================================
2025-11-11 23:15:21,794 [ERROR] Error in batch 0: Input image size (384*384) doesn't match model (224*224).
2025-11-11 23:15:21,847 [INFO] Epoch 15 Results:
2025-11-11 23:15:21,847 [INFO]   Average Loss: 0.0000
2025-11-11 23:15:21,847 [INFO]   ITC Loss: 0.0000
2025-11-11 23:15:21,848 [INFO]   ICC Loss: 0.0000
2025-11-11 23:15:21,848 [INFO]   TCC Loss: 0.0000
2025-11-11 23:15:21,848 [INFO]   ITM Loss: 0.0000
2025-11-11 23:15:21,848 [INFO]   LM Loss: 0.0000
2025-11-11 23:15:21,848 [INFO]   Learning Rate: 0.000051
2025-11-11 23:15:23,113 [INFO] 
============================================================
2025-11-11 23:15:23,113 [INFO] Epoch 16/30
2025-11-11 23:15:23,113 [INFO] ============================================================
2025-11-11 23:15:23,581 [ERROR] Error in batch 0: Input image size (384*384) doesn't match model (224*224).
2025-11-11 23:15:23,619 [INFO] Epoch 16 Results:
2025-11-11 23:15:23,619 [INFO]   Average Loss: 0.0000
2025-11-11 23:15:23,619 [INFO]   ITC Loss: 0.0000
2025-11-11 23:15:23,619 [INFO]   ICC Loss: 0.0000
2025-11-11 23:15:23,619 [INFO]   TCC Loss: 0.0000
2025-11-11 23:15:23,619 [INFO]   ITM Loss: 0.0000
2025-11-11 23:15:23,619 [INFO]   LM Loss: 0.0000
2025-11-11 23:15:23,620 [INFO]   Learning Rate: 0.000045
2025-11-11 23:15:23,620 [INFO] 
============================================================
2025-11-11 23:15:23,620 [INFO] Epoch 17/30
2025-11-11 23:15:23,620 [INFO] ============================================================
2025-11-11 23:15:24,111 [ERROR] Error in batch 0: Input image size (384*384) doesn't match model (224*224).
2025-11-11 23:15:24,150 [INFO] Epoch 17 Results:
2025-11-11 23:15:24,150 [INFO]   Average Loss: 0.0000
2025-11-11 23:15:24,150 [INFO]   ITC Loss: 0.0000
2025-11-11 23:15:24,150 [INFO]   ICC Loss: 0.0000
2025-11-11 23:15:24,150 [INFO]   TCC Loss: 0.0000
2025-11-11 23:15:24,150 [INFO]   ITM Loss: 0.0000
2025-11-11 23:15:24,150 [INFO]   LM Loss: 0.0000
2025-11-11 23:15:24,150 [INFO]   Learning Rate: 0.000040
2025-11-11 23:15:24,150 [INFO] 
============================================================
2025-11-11 23:15:24,150 [INFO] Epoch 18/30
2025-11-11 23:15:24,150 [INFO] ============================================================
2025-11-11 23:15:24,629 [ERROR] Error in batch 0: Input image size (384*384) doesn't match model (224*224).
2025-11-11 23:15:24,670 [INFO] Epoch 18 Results:
2025-11-11 23:15:24,670 [INFO]   Average Loss: 0.0000
2025-11-11 23:15:24,670 [INFO]   ITC Loss: 0.0000
2025-11-11 23:15:24,670 [INFO]   ICC Loss: 0.0000
2025-11-11 23:15:24,670 [INFO]   TCC Loss: 0.0000
2025-11-11 23:15:24,670 [INFO]   ITM Loss: 0.0000
2025-11-11 23:15:24,670 [INFO]   LM Loss: 0.0000
2025-11-11 23:15:24,670 [INFO]   Learning Rate: 0.000035
2025-11-11 23:15:24,670 [INFO] 
============================================================
2025-11-11 23:15:24,670 [INFO] Epoch 19/30
2025-11-11 23:15:24,670 [INFO] ============================================================
2025-11-11 23:15:25,153 [ERROR] Error in batch 0: Input image size (384*384) doesn't match model (224*224).
2025-11-11 23:15:25,237 [INFO] Epoch 19 Results:
2025-11-11 23:15:25,237 [INFO]   Average Loss: 0.0000
2025-11-11 23:15:25,237 [INFO]   ITC Loss: 0.0000
2025-11-11 23:15:25,237 [INFO]   ICC Loss: 0.0000
2025-11-11 23:15:25,237 [INFO]   TCC Loss: 0.0000
2025-11-11 23:15:25,237 [INFO]   ITM Loss: 0.0000
2025-11-11 23:15:25,237 [INFO]   LM Loss: 0.0000
2025-11-11 23:15:25,237 [INFO]   Learning Rate: 0.000030
2025-11-11 23:15:25,237 [INFO] 
============================================================
2025-11-11 23:15:25,237 [INFO] Epoch 20/30
2025-11-11 23:15:25,237 [INFO] ============================================================
2025-11-11 23:15:25,730 [ERROR] Error in batch 0: Input image size (384*384) doesn't match model (224*224).
2025-11-11 23:15:25,766 [INFO] Epoch 20 Results:
2025-11-11 23:15:25,766 [INFO]   Average Loss: 0.0000
2025-11-11 23:15:25,766 [INFO]   ITC Loss: 0.0000
2025-11-11 23:15:25,767 [INFO]   ICC Loss: 0.0000
2025-11-11 23:15:25,767 [INFO]   TCC Loss: 0.0000
2025-11-11 23:15:25,767 [INFO]   ITM Loss: 0.0000
2025-11-11 23:15:25,767 [INFO]   LM Loss: 0.0000
2025-11-11 23:15:25,767 [INFO]   Learning Rate: 0.000026
2025-11-11 23:15:26,999 [INFO] 
============================================================
2025-11-11 23:15:26,999 [INFO] Epoch 21/30
2025-11-11 23:15:26,999 [INFO] ============================================================
2025-11-11 23:15:27,461 [ERROR] Error in batch 0: Input image size (384*384) doesn't match model (224*224).
2025-11-11 23:15:27,497 [INFO] Epoch 21 Results:
2025-11-11 23:15:27,497 [INFO]   Average Loss: 0.0000
2025-11-11 23:15:27,497 [INFO]   ITC Loss: 0.0000
2025-11-11 23:15:27,497 [INFO]   ICC Loss: 0.0000
2025-11-11 23:15:27,497 [INFO]   TCC Loss: 0.0000
2025-11-11 23:15:27,497 [INFO]   ITM Loss: 0.0000
2025-11-11 23:15:27,497 [INFO]   LM Loss: 0.0000
2025-11-11 23:15:27,497 [INFO]   Learning Rate: 0.000021
2025-11-11 23:15:27,497 [INFO] 
============================================================
2025-11-11 23:15:27,497 [INFO] Epoch 22/30
2025-11-11 23:15:27,497 [INFO] ============================================================
2025-11-11 23:15:27,972 [ERROR] Error in batch 0: Input image size (384*384) doesn't match model (224*224).
2025-11-11 23:15:28,011 [INFO] Epoch 22 Results:
2025-11-11 23:15:28,011 [INFO]   Average Loss: 0.0000
2025-11-11 23:15:28,011 [INFO]   ITC Loss: 0.0000
2025-11-11 23:15:28,011 [INFO]   ICC Loss: 0.0000
2025-11-11 23:15:28,011 [INFO]   TCC Loss: 0.0000
2025-11-11 23:15:28,011 [INFO]   ITM Loss: 0.0000
2025-11-11 23:15:28,011 [INFO]   LM Loss: 0.0000
2025-11-11 23:15:28,012 [INFO]   Learning Rate: 0.000017
2025-11-11 23:15:28,012 [INFO] 
============================================================
2025-11-11 23:15:28,012 [INFO] Epoch 23/30
2025-11-11 23:15:28,012 [INFO] ============================================================
2025-11-11 23:15:28,488 [ERROR] Error in batch 0: Input image size (384*384) doesn't match model (224*224).
2025-11-11 23:15:28,522 [INFO] Epoch 23 Results:
2025-11-11 23:15:28,522 [INFO]   Average Loss: 0.0000
2025-11-11 23:15:28,522 [INFO]   ITC Loss: 0.0000
2025-11-11 23:15:28,522 [INFO]   ICC Loss: 0.0000
2025-11-11 23:15:28,522 [INFO]   TCC Loss: 0.0000
2025-11-11 23:15:28,523 [INFO]   ITM Loss: 0.0000
2025-11-11 23:15:28,523 [INFO]   LM Loss: 0.0000
2025-11-11 23:15:28,523 [INFO]   Learning Rate: 0.000014
2025-11-11 23:15:28,523 [INFO] 
============================================================
2025-11-11 23:15:28,523 [INFO] Epoch 24/30
2025-11-11 23:15:28,523 [INFO] ============================================================
2025-11-11 23:15:29,005 [ERROR] Error in batch 0: Input image size (384*384) doesn't match model (224*224).
2025-11-11 23:15:29,043 [INFO] Epoch 24 Results:
2025-11-11 23:15:29,043 [INFO]   Average Loss: 0.0000
2025-11-11 23:15:29,043 [INFO]   ITC Loss: 0.0000
2025-11-11 23:15:29,043 [INFO]   ICC Loss: 0.0000
2025-11-11 23:15:29,043 [INFO]   TCC Loss: 0.0000
2025-11-11 23:15:29,043 [INFO]   ITM Loss: 0.0000
2025-11-11 23:15:29,043 [INFO]   LM Loss: 0.0000
2025-11-11 23:15:29,043 [INFO]   Learning Rate: 0.000010
2025-11-11 23:15:29,043 [INFO] 
============================================================
2025-11-11 23:15:29,043 [INFO] Epoch 25/30
2025-11-11 23:15:29,043 [INFO] ============================================================
2025-11-11 23:15:29,543 [ERROR] Error in batch 0: Input image size (384*384) doesn't match model (224*224).
2025-11-11 23:15:29,599 [INFO] Epoch 25 Results:
2025-11-11 23:15:29,599 [INFO]   Average Loss: 0.0000
2025-11-11 23:15:29,599 [INFO]   ITC Loss: 0.0000
2025-11-11 23:15:29,599 [INFO]   ICC Loss: 0.0000
2025-11-11 23:15:29,600 [INFO]   TCC Loss: 0.0000
2025-11-11 23:15:29,600 [INFO]   ITM Loss: 0.0000
2025-11-11 23:15:29,600 [INFO]   LM Loss: 0.0000
2025-11-11 23:15:29,600 [INFO]   Learning Rate: 0.000008
2025-11-11 23:15:30,816 [INFO] 
============================================================
2025-11-11 23:15:30,816 [INFO] Epoch 26/30
2025-11-11 23:15:30,816 [INFO] ============================================================
2025-11-11 23:15:31,280 [ERROR] Error in batch 0: Input image size (384*384) doesn't match model (224*224).
2025-11-11 23:15:31,323 [INFO] Epoch 26 Results:
2025-11-11 23:15:31,323 [INFO]   Average Loss: 0.0000
2025-11-11 23:15:31,323 [INFO]   ITC Loss: 0.0000
2025-11-11 23:15:31,323 [INFO]   ICC Loss: 0.0000
2025-11-11 23:15:31,323 [INFO]   TCC Loss: 0.0000
2025-11-11 23:15:31,323 [INFO]   ITM Loss: 0.0000
2025-11-11 23:15:31,323 [INFO]   LM Loss: 0.0000
2025-11-11 23:15:31,324 [INFO]   Learning Rate: 0.000005
2025-11-11 23:15:31,324 [INFO] 
============================================================
2025-11-11 23:15:31,324 [INFO] Epoch 27/30
2025-11-11 23:15:31,324 [INFO] ============================================================
2025-11-11 23:15:31,826 [ERROR] Error in batch 0: Input image size (384*384) doesn't match model (224*224).
2025-11-11 23:15:31,867 [INFO] Epoch 27 Results:
2025-11-11 23:15:31,867 [INFO]   Average Loss: 0.0000
2025-11-11 23:15:31,867 [INFO]   ITC Loss: 0.0000
2025-11-11 23:15:31,867 [INFO]   ICC Loss: 0.0000
2025-11-11 23:15:31,867 [INFO]   TCC Loss: 0.0000
2025-11-11 23:15:31,867 [INFO]   ITM Loss: 0.0000
2025-11-11 23:15:31,867 [INFO]   LM Loss: 0.0000
2025-11-11 23:15:31,867 [INFO]   Learning Rate: 0.000003
2025-11-11 23:15:31,867 [INFO] 
============================================================
2025-11-11 23:15:31,867 [INFO] Epoch 28/30
2025-11-11 23:15:31,867 [INFO] ============================================================
2025-11-11 23:15:32,332 [ERROR] Error in batch 0: Input image size (384*384) doesn't match model (224*224).
2025-11-11 23:15:32,400 [INFO] Epoch 28 Results:
2025-11-11 23:15:32,400 [INFO]   Average Loss: 0.0000
2025-11-11 23:15:32,401 [INFO]   ITC Loss: 0.0000
2025-11-11 23:15:32,401 [INFO]   ICC Loss: 0.0000
2025-11-11 23:15:32,401 [INFO]   TCC Loss: 0.0000
2025-11-11 23:15:32,401 [INFO]   ITM Loss: 0.0000
2025-11-11 23:15:32,401 [INFO]   LM Loss: 0.0000
2025-11-11 23:15:32,402 [INFO]   Learning Rate: 0.000002
2025-11-11 23:15:32,402 [INFO] 
============================================================
2025-11-11 23:15:32,402 [INFO] Epoch 29/30
2025-11-11 23:15:32,402 [INFO] ============================================================
2025-11-11 23:15:32,872 [ERROR] Error in batch 0: Input image size (384*384) doesn't match model (224*224).
2025-11-11 23:15:32,911 [INFO] Epoch 29 Results:
2025-11-11 23:15:32,911 [INFO]   Average Loss: 0.0000
2025-11-11 23:15:32,911 [INFO]   ITC Loss: 0.0000
2025-11-11 23:15:32,911 [INFO]   ICC Loss: 0.0000
2025-11-11 23:15:32,911 [INFO]   TCC Loss: 0.0000
2025-11-11 23:15:32,911 [INFO]   ITM Loss: 0.0000
2025-11-11 23:15:32,911 [INFO]   LM Loss: 0.0000
2025-11-11 23:15:32,911 [INFO]   Learning Rate: 0.000001
2025-11-11 23:15:32,911 [INFO] 
============================================================
2025-11-11 23:15:32,911 [INFO] Epoch 30/30
2025-11-11 23:15:32,911 [INFO] ============================================================
2025-11-11 23:15:33,391 [ERROR] Error in batch 0: Input image size (384*384) doesn't match model (224*224).
2025-11-11 23:15:33,437 [INFO] Epoch 30 Results:
2025-11-11 23:15:33,437 [INFO]   Average Loss: 0.0000
2025-11-11 23:15:33,437 [INFO]   ITC Loss: 0.0000
2025-11-11 23:15:33,437 [INFO]   ICC Loss: 0.0000
2025-11-11 23:15:33,437 [INFO]   TCC Loss: 0.0000
2025-11-11 23:15:33,438 [INFO]   ITM Loss: 0.0000
2025-11-11 23:15:33,438 [INFO]   LM Loss: 0.0000
2025-11-11 23:15:33,438 [INFO]   Learning Rate: 0.000001
2025-11-11 23:15:34,647 [INFO] 
============================================================
2025-11-11 23:15:34,647 [INFO] Training completed!
2025-11-11 23:15:34,647 [INFO] Best loss: 0.0000
2025-11-11 23:15:34,647 [INFO] ============================================================
