2025-11-15 22:42:47,889 [INFO] Starting CASC training...
2025-11-15 22:42:47,890 [INFO] Using device: cpu
2025-11-15 22:42:47,890 [INFO] Creating model...
2025-11-15 22:42:55,577 [INFO] Model created with 536,314,428 parameters
2025-11-15 22:42:55,577 [INFO] Loading dataset from /home/tri/Documents/Hust/Code/casc_demo/data/CUHK_PEDES_images/test...
2025-11-15 22:42:56,499 [INFO] Training dataset size: 100
2025-11-15 22:42:56,501 [INFO] Starting training loop...
2025-11-15 22:42:56,501 [INFO] 
============================================================
2025-11-15 22:42:56,501 [INFO] Epoch 1/30
2025-11-15 22:42:56,501 [INFO] ============================================================
2025-11-15 22:42:57,005 [ERROR] Error in batch 0: Input image size (384*384) doesn't match model (224*224).
2025-11-15 22:42:57,043 [INFO] Epoch 1 Results:
2025-11-15 22:42:57,043 [INFO]   Average Loss: 0.0000
2025-11-15 22:42:57,043 [INFO]   ITC Loss: 0.0000
2025-11-15 22:42:57,043 [INFO]   ICC Loss: 0.0000
2025-11-15 22:42:57,043 [INFO]   TCC Loss: 0.0000
2025-11-15 22:42:57,043 [INFO]   ITM Loss: 0.0000
2025-11-15 22:42:57,043 [INFO]   LM Loss: 0.0000
2025-11-15 22:42:57,044 [INFO]   Learning Rate: 0.000100
2025-11-15 22:42:58,472 [INFO]   ✓ New best model saved! Loss: 0.0000
2025-11-15 22:42:58,472 [INFO] 
============================================================
2025-11-15 22:42:58,472 [INFO] Epoch 2/30
2025-11-15 22:42:58,472 [INFO] ============================================================
2025-11-15 22:42:58,931 [ERROR] Error in batch 0: Input image size (384*384) doesn't match model (224*224).
2025-11-15 22:42:58,967 [INFO] Epoch 2 Results:
2025-11-15 22:42:58,967 [INFO]   Average Loss: 0.0000
2025-11-15 22:42:58,967 [INFO]   ITC Loss: 0.0000
2025-11-15 22:42:58,967 [INFO]   ICC Loss: 0.0000
2025-11-15 22:42:58,967 [INFO]   TCC Loss: 0.0000
2025-11-15 22:42:58,967 [INFO]   ITM Loss: 0.0000
2025-11-15 22:42:58,967 [INFO]   LM Loss: 0.0000
2025-11-15 22:42:58,967 [INFO]   Learning Rate: 0.000099
2025-11-15 22:42:58,967 [INFO] 
============================================================
2025-11-15 22:42:58,967 [INFO] Epoch 3/30
2025-11-15 22:42:58,967 [INFO] ============================================================
2025-11-15 22:42:59,433 [ERROR] Error in batch 0: Input image size (384*384) doesn't match model (224*224).
2025-11-15 22:42:59,471 [INFO] Epoch 3 Results:
2025-11-15 22:42:59,471 [INFO]   Average Loss: 0.0000
2025-11-15 22:42:59,471 [INFO]   ITC Loss: 0.0000
2025-11-15 22:42:59,471 [INFO]   ICC Loss: 0.0000
2025-11-15 22:42:59,471 [INFO]   TCC Loss: 0.0000
2025-11-15 22:42:59,471 [INFO]   ITM Loss: 0.0000
2025-11-15 22:42:59,471 [INFO]   LM Loss: 0.0000
2025-11-15 22:42:59,471 [INFO]   Learning Rate: 0.000098
2025-11-15 22:42:59,471 [INFO] 
============================================================
2025-11-15 22:42:59,471 [INFO] Epoch 4/30
2025-11-15 22:42:59,471 [INFO] ============================================================
2025-11-15 22:42:59,931 [ERROR] Error in batch 0: Input image size (384*384) doesn't match model (224*224).
2025-11-15 22:42:59,970 [INFO] Epoch 4 Results:
2025-11-15 22:42:59,970 [INFO]   Average Loss: 0.0000
2025-11-15 22:42:59,970 [INFO]   ITC Loss: 0.0000
2025-11-15 22:42:59,970 [INFO]   ICC Loss: 0.0000
2025-11-15 22:42:59,970 [INFO]   TCC Loss: 0.0000
2025-11-15 22:42:59,970 [INFO]   ITM Loss: 0.0000
2025-11-15 22:42:59,970 [INFO]   LM Loss: 0.0000
2025-11-15 22:42:59,970 [INFO]   Learning Rate: 0.000096
2025-11-15 22:42:59,970 [INFO] 
============================================================
2025-11-15 22:42:59,970 [INFO] Epoch 5/30
2025-11-15 22:42:59,970 [INFO] ============================================================
2025-11-15 22:43:00,432 [ERROR] Error in batch 0: Input image size (384*384) doesn't match model (224*224).
2025-11-15 22:43:00,469 [INFO] Epoch 5 Results:
2025-11-15 22:43:00,469 [INFO]   Average Loss: 0.0000
2025-11-15 22:43:00,469 [INFO]   ITC Loss: 0.0000
2025-11-15 22:43:00,470 [INFO]   ICC Loss: 0.0000
2025-11-15 22:43:00,470 [INFO]   TCC Loss: 0.0000
2025-11-15 22:43:00,470 [INFO]   ITM Loss: 0.0000
2025-11-15 22:43:00,470 [INFO]   LM Loss: 0.0000
2025-11-15 22:43:00,470 [INFO]   Learning Rate: 0.000093
2025-11-15 22:43:01,877 [INFO] 
============================================================
2025-11-15 22:43:01,877 [INFO] Epoch 6/30
2025-11-15 22:43:01,877 [INFO] ============================================================
2025-11-15 22:43:02,351 [ERROR] Error in batch 0: Input image size (384*384) doesn't match model (224*224).
2025-11-15 22:43:02,390 [INFO] Epoch 6 Results:
2025-11-15 22:43:02,390 [INFO]   Average Loss: 0.0000
2025-11-15 22:43:02,390 [INFO]   ITC Loss: 0.0000
2025-11-15 22:43:02,390 [INFO]   ICC Loss: 0.0000
2025-11-15 22:43:02,390 [INFO]   TCC Loss: 0.0000
2025-11-15 22:43:02,390 [INFO]   ITM Loss: 0.0000
2025-11-15 22:43:02,390 [INFO]   LM Loss: 0.0000
2025-11-15 22:43:02,390 [INFO]   Learning Rate: 0.000091
2025-11-15 22:43:02,390 [INFO] 
============================================================
2025-11-15 22:43:02,390 [INFO] Epoch 7/30
2025-11-15 22:43:02,391 [INFO] ============================================================
2025-11-15 22:43:02,855 [ERROR] Error in batch 0: Input image size (384*384) doesn't match model (224*224).
2025-11-15 22:43:02,890 [INFO] Epoch 7 Results:
2025-11-15 22:43:02,890 [INFO]   Average Loss: 0.0000
2025-11-15 22:43:02,890 [INFO]   ITC Loss: 0.0000
2025-11-15 22:43:02,890 [INFO]   ICC Loss: 0.0000
2025-11-15 22:43:02,891 [INFO]   TCC Loss: 0.0000
2025-11-15 22:43:02,891 [INFO]   ITM Loss: 0.0000
2025-11-15 22:43:02,891 [INFO]   LM Loss: 0.0000
2025-11-15 22:43:02,891 [INFO]   Learning Rate: 0.000087
2025-11-15 22:43:02,891 [INFO] 
============================================================
2025-11-15 22:43:02,891 [INFO] Epoch 8/30
2025-11-15 22:43:02,891 [INFO] ============================================================
2025-11-15 22:43:03,333 [ERROR] Error in batch 0: Input image size (384*384) doesn't match model (224*224).
2025-11-15 22:43:03,370 [INFO] Epoch 8 Results:
2025-11-15 22:43:03,370 [INFO]   Average Loss: 0.0000
2025-11-15 22:43:03,370 [INFO]   ITC Loss: 0.0000
2025-11-15 22:43:03,370 [INFO]   ICC Loss: 0.0000
2025-11-15 22:43:03,370 [INFO]   TCC Loss: 0.0000
2025-11-15 22:43:03,370 [INFO]   ITM Loss: 0.0000
2025-11-15 22:43:03,370 [INFO]   LM Loss: 0.0000
2025-11-15 22:43:03,370 [INFO]   Learning Rate: 0.000084
2025-11-15 22:43:03,370 [INFO] 
============================================================
2025-11-15 22:43:03,370 [INFO] Epoch 9/30
2025-11-15 22:43:03,370 [INFO] ============================================================
2025-11-15 22:43:03,829 [ERROR] Error in batch 0: Input image size (384*384) doesn't match model (224*224).
2025-11-15 22:43:03,866 [INFO] Epoch 9 Results:
2025-11-15 22:43:03,866 [INFO]   Average Loss: 0.0000
2025-11-15 22:43:03,866 [INFO]   ITC Loss: 0.0000
2025-11-15 22:43:03,866 [INFO]   ICC Loss: 0.0000
2025-11-15 22:43:03,866 [INFO]   TCC Loss: 0.0000
2025-11-15 22:43:03,866 [INFO]   ITM Loss: 0.0000
2025-11-15 22:43:03,866 [INFO]   LM Loss: 0.0000
2025-11-15 22:43:03,867 [INFO]   Learning Rate: 0.000080
2025-11-15 22:43:03,867 [INFO] 
============================================================
2025-11-15 22:43:03,867 [INFO] Epoch 10/30
2025-11-15 22:43:03,867 [INFO] ============================================================
2025-11-15 22:43:04,315 [ERROR] Error in batch 0: Input image size (384*384) doesn't match model (224*224).
2025-11-15 22:43:04,352 [INFO] Epoch 10 Results:
2025-11-15 22:43:04,352 [INFO]   Average Loss: 0.0000
2025-11-15 22:43:04,352 [INFO]   ITC Loss: 0.0000
2025-11-15 22:43:04,352 [INFO]   ICC Loss: 0.0000
2025-11-15 22:43:04,352 [INFO]   TCC Loss: 0.0000
2025-11-15 22:43:04,352 [INFO]   ITM Loss: 0.0000
2025-11-15 22:43:04,352 [INFO]   LM Loss: 0.0000
2025-11-15 22:43:04,352 [INFO]   Learning Rate: 0.000075
2025-11-15 22:43:05,793 [INFO] 
============================================================
2025-11-15 22:43:05,794 [INFO] Epoch 11/30
2025-11-15 22:43:05,794 [INFO] ============================================================
2025-11-15 22:43:06,256 [ERROR] Error in batch 0: Input image size (384*384) doesn't match model (224*224).
2025-11-15 22:43:06,292 [INFO] Epoch 11 Results:
2025-11-15 22:43:06,292 [INFO]   Average Loss: 0.0000
2025-11-15 22:43:06,292 [INFO]   ITC Loss: 0.0000
2025-11-15 22:43:06,292 [INFO]   ICC Loss: 0.0000
2025-11-15 22:43:06,292 [INFO]   TCC Loss: 0.0000
2025-11-15 22:43:06,293 [INFO]   ITM Loss: 0.0000
2025-11-15 22:43:06,293 [INFO]   LM Loss: 0.0000
2025-11-15 22:43:06,293 [INFO]   Learning Rate: 0.000071
2025-11-15 22:43:06,293 [INFO] 
============================================================
2025-11-15 22:43:06,293 [INFO] Epoch 12/30
2025-11-15 22:43:06,293 [INFO] ============================================================
2025-11-15 22:43:06,773 [ERROR] Error in batch 0: Input image size (384*384) doesn't match model (224*224).
2025-11-15 22:43:06,813 [INFO] Epoch 12 Results:
2025-11-15 22:43:06,813 [INFO]   Average Loss: 0.0000
2025-11-15 22:43:06,813 [INFO]   ITC Loss: 0.0000
2025-11-15 22:43:06,814 [INFO]   ICC Loss: 0.0000
2025-11-15 22:43:06,814 [INFO]   TCC Loss: 0.0000
2025-11-15 22:43:06,814 [INFO]   ITM Loss: 0.0000
2025-11-15 22:43:06,814 [INFO]   LM Loss: 0.0000
2025-11-15 22:43:06,814 [INFO]   Learning Rate: 0.000066
2025-11-15 22:43:06,814 [INFO] 
============================================================
2025-11-15 22:43:06,814 [INFO] Epoch 13/30
2025-11-15 22:43:06,814 [INFO] ============================================================
2025-11-15 22:43:07,288 [ERROR] Error in batch 0: Input image size (384*384) doesn't match model (224*224).
2025-11-15 22:43:07,327 [INFO] Epoch 13 Results:
2025-11-15 22:43:07,327 [INFO]   Average Loss: 0.0000
2025-11-15 22:43:07,327 [INFO]   ITC Loss: 0.0000
2025-11-15 22:43:07,327 [INFO]   ICC Loss: 0.0000
2025-11-15 22:43:07,327 [INFO]   TCC Loss: 0.0000
2025-11-15 22:43:07,327 [INFO]   ITM Loss: 0.0000
2025-11-15 22:43:07,327 [INFO]   LM Loss: 0.0000
2025-11-15 22:43:07,327 [INFO]   Learning Rate: 0.000061
2025-11-15 22:43:07,327 [INFO] 
============================================================
2025-11-15 22:43:07,327 [INFO] Epoch 14/30
2025-11-15 22:43:07,327 [INFO] ============================================================
2025-11-15 22:43:07,790 [ERROR] Error in batch 0: Input image size (384*384) doesn't match model (224*224).
2025-11-15 22:43:07,826 [INFO] Epoch 14 Results:
2025-11-15 22:43:07,826 [INFO]   Average Loss: 0.0000
2025-11-15 22:43:07,826 [INFO]   ITC Loss: 0.0000
2025-11-15 22:43:07,826 [INFO]   ICC Loss: 0.0000
2025-11-15 22:43:07,827 [INFO]   TCC Loss: 0.0000
2025-11-15 22:43:07,827 [INFO]   ITM Loss: 0.0000
2025-11-15 22:43:07,827 [INFO]   LM Loss: 0.0000
2025-11-15 22:43:07,827 [INFO]   Learning Rate: 0.000056
2025-11-15 22:43:07,827 [INFO] 
============================================================
2025-11-15 22:43:07,827 [INFO] Epoch 15/30
2025-11-15 22:43:07,827 [INFO] ============================================================
2025-11-15 22:43:08,275 [ERROR] Error in batch 0: Input image size (384*384) doesn't match model (224*224).
2025-11-15 22:43:08,312 [INFO] Epoch 15 Results:
2025-11-15 22:43:08,312 [INFO]   Average Loss: 0.0000
2025-11-15 22:43:08,312 [INFO]   ITC Loss: 0.0000
2025-11-15 22:43:08,312 [INFO]   ICC Loss: 0.0000
2025-11-15 22:43:08,312 [INFO]   TCC Loss: 0.0000
2025-11-15 22:43:08,312 [INFO]   ITM Loss: 0.0000
2025-11-15 22:43:08,312 [INFO]   LM Loss: 0.0000
2025-11-15 22:43:08,312 [INFO]   Learning Rate: 0.000051
2025-11-15 22:43:09,700 [INFO] 
============================================================
2025-11-15 22:43:09,704 [INFO] Epoch 16/30
2025-11-15 22:43:09,704 [INFO] ============================================================
2025-11-15 22:43:10,195 [ERROR] Error in batch 0: Input image size (384*384) doesn't match model (224*224).
2025-11-15 22:43:10,233 [INFO] Epoch 16 Results:
2025-11-15 22:43:10,233 [INFO]   Average Loss: 0.0000
2025-11-15 22:43:10,233 [INFO]   ITC Loss: 0.0000
2025-11-15 22:43:10,233 [INFO]   ICC Loss: 0.0000
2025-11-15 22:43:10,233 [INFO]   TCC Loss: 0.0000
2025-11-15 22:43:10,233 [INFO]   ITM Loss: 0.0000
2025-11-15 22:43:10,233 [INFO]   LM Loss: 0.0000
2025-11-15 22:43:10,233 [INFO]   Learning Rate: 0.000045
2025-11-15 22:43:10,233 [INFO] 
============================================================
2025-11-15 22:43:10,233 [INFO] Epoch 17/30
2025-11-15 22:43:10,233 [INFO] ============================================================
2025-11-15 22:43:10,695 [ERROR] Error in batch 0: Input image size (384*384) doesn't match model (224*224).
2025-11-15 22:43:10,734 [INFO] Epoch 17 Results:
2025-11-15 22:43:10,734 [INFO]   Average Loss: 0.0000
2025-11-15 22:43:10,735 [INFO]   ITC Loss: 0.0000
2025-11-15 22:43:10,735 [INFO]   ICC Loss: 0.0000
2025-11-15 22:43:10,735 [INFO]   TCC Loss: 0.0000
2025-11-15 22:43:10,735 [INFO]   ITM Loss: 0.0000
2025-11-15 22:43:10,735 [INFO]   LM Loss: 0.0000
2025-11-15 22:43:10,735 [INFO]   Learning Rate: 0.000040
2025-11-15 22:43:10,735 [INFO] 
============================================================
2025-11-15 22:43:10,735 [INFO] Epoch 18/30
2025-11-15 22:43:10,735 [INFO] ============================================================
2025-11-15 22:43:11,193 [ERROR] Error in batch 0: Input image size (384*384) doesn't match model (224*224).
2025-11-15 22:43:11,230 [INFO] Epoch 18 Results:
2025-11-15 22:43:11,230 [INFO]   Average Loss: 0.0000
2025-11-15 22:43:11,230 [INFO]   ITC Loss: 0.0000
2025-11-15 22:43:11,230 [INFO]   ICC Loss: 0.0000
2025-11-15 22:43:11,230 [INFO]   TCC Loss: 0.0000
2025-11-15 22:43:11,230 [INFO]   ITM Loss: 0.0000
2025-11-15 22:43:11,230 [INFO]   LM Loss: 0.0000
2025-11-15 22:43:11,230 [INFO]   Learning Rate: 0.000035
2025-11-15 22:43:11,230 [INFO] 
============================================================
2025-11-15 22:43:11,230 [INFO] Epoch 19/30
2025-11-15 22:43:11,230 [INFO] ============================================================
2025-11-15 22:43:11,686 [ERROR] Error in batch 0: Input image size (384*384) doesn't match model (224*224).
2025-11-15 22:43:11,735 [INFO] Epoch 19 Results:
2025-11-15 22:43:11,735 [INFO]   Average Loss: 0.0000
2025-11-15 22:43:11,735 [INFO]   ITC Loss: 0.0000
2025-11-15 22:43:11,735 [INFO]   ICC Loss: 0.0000
2025-11-15 22:43:11,735 [INFO]   TCC Loss: 0.0000
2025-11-15 22:43:11,735 [INFO]   ITM Loss: 0.0000
2025-11-15 22:43:11,735 [INFO]   LM Loss: 0.0000
2025-11-15 22:43:11,735 [INFO]   Learning Rate: 0.000030
2025-11-15 22:43:11,735 [INFO] 
============================================================
2025-11-15 22:43:11,735 [INFO] Epoch 20/30
2025-11-15 22:43:11,736 [INFO] ============================================================
2025-11-15 22:43:12,195 [ERROR] Error in batch 0: Input image size (384*384) doesn't match model (224*224).
2025-11-15 22:43:12,233 [INFO] Epoch 20 Results:
2025-11-15 22:43:12,233 [INFO]   Average Loss: 0.0000
2025-11-15 22:43:12,233 [INFO]   ITC Loss: 0.0000
2025-11-15 22:43:12,233 [INFO]   ICC Loss: 0.0000
2025-11-15 22:43:12,233 [INFO]   TCC Loss: 0.0000
2025-11-15 22:43:12,233 [INFO]   ITM Loss: 0.0000
2025-11-15 22:43:12,233 [INFO]   LM Loss: 0.0000
2025-11-15 22:43:12,233 [INFO]   Learning Rate: 0.000026
2025-11-15 22:43:13,616 [INFO] 
============================================================
2025-11-15 22:43:13,616 [INFO] Epoch 21/30
2025-11-15 22:43:13,616 [INFO] ============================================================
2025-11-15 22:43:14,095 [ERROR] Error in batch 0: Input image size (384*384) doesn't match model (224*224).
2025-11-15 22:43:14,131 [INFO] Epoch 21 Results:
2025-11-15 22:43:14,131 [INFO]   Average Loss: 0.0000
2025-11-15 22:43:14,131 [INFO]   ITC Loss: 0.0000
2025-11-15 22:43:14,131 [INFO]   ICC Loss: 0.0000
2025-11-15 22:43:14,131 [INFO]   TCC Loss: 0.0000
2025-11-15 22:43:14,131 [INFO]   ITM Loss: 0.0000
2025-11-15 22:43:14,131 [INFO]   LM Loss: 0.0000
2025-11-15 22:43:14,131 [INFO]   Learning Rate: 0.000021
2025-11-15 22:43:14,131 [INFO] 
============================================================
2025-11-15 22:43:14,131 [INFO] Epoch 22/30
2025-11-15 22:43:14,131 [INFO] ============================================================
2025-11-15 22:43:14,579 [ERROR] Error in batch 0: Input image size (384*384) doesn't match model (224*224).
2025-11-15 22:43:14,616 [INFO] Epoch 22 Results:
2025-11-15 22:43:14,616 [INFO]   Average Loss: 0.0000
2025-11-15 22:43:14,616 [INFO]   ITC Loss: 0.0000
2025-11-15 22:43:14,616 [INFO]   ICC Loss: 0.0000
2025-11-15 22:43:14,616 [INFO]   TCC Loss: 0.0000
2025-11-15 22:43:14,616 [INFO]   ITM Loss: 0.0000
2025-11-15 22:43:14,616 [INFO]   LM Loss: 0.0000
2025-11-15 22:43:14,616 [INFO]   Learning Rate: 0.000017
2025-11-15 22:43:14,616 [INFO] 
============================================================
2025-11-15 22:43:14,616 [INFO] Epoch 23/30
2025-11-15 22:43:14,616 [INFO] ============================================================
2025-11-15 22:43:15,083 [ERROR] Error in batch 0: Input image size (384*384) doesn't match model (224*224).
2025-11-15 22:43:15,120 [INFO] Epoch 23 Results:
2025-11-15 22:43:15,120 [INFO]   Average Loss: 0.0000
2025-11-15 22:43:15,120 [INFO]   ITC Loss: 0.0000
2025-11-15 22:43:15,120 [INFO]   ICC Loss: 0.0000
2025-11-15 22:43:15,120 [INFO]   TCC Loss: 0.0000
2025-11-15 22:43:15,120 [INFO]   ITM Loss: 0.0000
2025-11-15 22:43:15,120 [INFO]   LM Loss: 0.0000
2025-11-15 22:43:15,120 [INFO]   Learning Rate: 0.000014
2025-11-15 22:43:15,120 [INFO] 
============================================================
2025-11-15 22:43:15,120 [INFO] Epoch 24/30
2025-11-15 22:43:15,120 [INFO] ============================================================
2025-11-15 22:43:15,593 [ERROR] Error in batch 0: Input image size (384*384) doesn't match model (224*224).
2025-11-15 22:43:15,633 [INFO] Epoch 24 Results:
2025-11-15 22:43:15,633 [INFO]   Average Loss: 0.0000
2025-11-15 22:43:15,633 [INFO]   ITC Loss: 0.0000
2025-11-15 22:43:15,633 [INFO]   ICC Loss: 0.0000
2025-11-15 22:43:15,633 [INFO]   TCC Loss: 0.0000
2025-11-15 22:43:15,633 [INFO]   ITM Loss: 0.0000
2025-11-15 22:43:15,633 [INFO]   LM Loss: 0.0000
2025-11-15 22:43:15,633 [INFO]   Learning Rate: 0.000010
2025-11-15 22:43:15,633 [INFO] 
============================================================
2025-11-15 22:43:15,633 [INFO] Epoch 25/30
2025-11-15 22:43:15,633 [INFO] ============================================================
2025-11-15 22:43:16,086 [ERROR] Error in batch 0: Input image size (384*384) doesn't match model (224*224).
2025-11-15 22:43:16,122 [INFO] Epoch 25 Results:
2025-11-15 22:43:16,123 [INFO]   Average Loss: 0.0000
2025-11-15 22:43:16,123 [INFO]   ITC Loss: 0.0000
2025-11-15 22:43:16,123 [INFO]   ICC Loss: 0.0000
2025-11-15 22:43:16,123 [INFO]   TCC Loss: 0.0000
2025-11-15 22:43:16,123 [INFO]   ITM Loss: 0.0000
2025-11-15 22:43:16,123 [INFO]   LM Loss: 0.0000
2025-11-15 22:43:16,123 [INFO]   Learning Rate: 0.000008
2025-11-15 22:43:17,465 [INFO] 
============================================================
2025-11-15 22:43:17,465 [INFO] Epoch 26/30
2025-11-15 22:43:17,465 [INFO] ============================================================
2025-11-15 22:43:17,915 [ERROR] Error in batch 0: Input image size (384*384) doesn't match model (224*224).
2025-11-15 22:43:17,953 [INFO] Epoch 26 Results:
2025-11-15 22:43:17,953 [INFO]   Average Loss: 0.0000
2025-11-15 22:43:17,953 [INFO]   ITC Loss: 0.0000
2025-11-15 22:43:17,953 [INFO]   ICC Loss: 0.0000
2025-11-15 22:43:17,953 [INFO]   TCC Loss: 0.0000
2025-11-15 22:43:17,953 [INFO]   ITM Loss: 0.0000
2025-11-15 22:43:17,953 [INFO]   LM Loss: 0.0000
2025-11-15 22:43:17,953 [INFO]   Learning Rate: 0.000005
2025-11-15 22:43:17,953 [INFO] 
============================================================
2025-11-15 22:43:17,953 [INFO] Epoch 27/30
2025-11-15 22:43:17,953 [INFO] ============================================================
2025-11-15 22:43:18,393 [ERROR] Error in batch 0: Input image size (384*384) doesn't match model (224*224).
2025-11-15 22:43:18,432 [INFO] Epoch 27 Results:
2025-11-15 22:43:18,432 [INFO]   Average Loss: 0.0000
2025-11-15 22:43:18,432 [INFO]   ITC Loss: 0.0000
2025-11-15 22:43:18,432 [INFO]   ICC Loss: 0.0000
2025-11-15 22:43:18,432 [INFO]   TCC Loss: 0.0000
2025-11-15 22:43:18,432 [INFO]   ITM Loss: 0.0000
2025-11-15 22:43:18,432 [INFO]   LM Loss: 0.0000
2025-11-15 22:43:18,432 [INFO]   Learning Rate: 0.000003
2025-11-15 22:43:18,432 [INFO] 
============================================================
2025-11-15 22:43:18,432 [INFO] Epoch 28/30
2025-11-15 22:43:18,432 [INFO] ============================================================
2025-11-15 22:43:18,889 [ERROR] Error in batch 0: Input image size (384*384) doesn't match model (224*224).
2025-11-15 22:43:18,927 [INFO] Epoch 28 Results:
2025-11-15 22:43:18,927 [INFO]   Average Loss: 0.0000
2025-11-15 22:43:18,927 [INFO]   ITC Loss: 0.0000
2025-11-15 22:43:18,927 [INFO]   ICC Loss: 0.0000
2025-11-15 22:43:18,927 [INFO]   TCC Loss: 0.0000
2025-11-15 22:43:18,927 [INFO]   ITM Loss: 0.0000
2025-11-15 22:43:18,927 [INFO]   LM Loss: 0.0000
2025-11-15 22:43:18,927 [INFO]   Learning Rate: 0.000002
2025-11-15 22:43:18,927 [INFO] 
============================================================
2025-11-15 22:43:18,927 [INFO] Epoch 29/30
2025-11-15 22:43:18,927 [INFO] ============================================================
2025-11-15 22:43:19,362 [ERROR] Error in batch 0: Input image size (384*384) doesn't match model (224*224).
2025-11-15 22:43:19,400 [INFO] Epoch 29 Results:
2025-11-15 22:43:19,401 [INFO]   Average Loss: 0.0000
2025-11-15 22:43:19,401 [INFO]   ITC Loss: 0.0000
2025-11-15 22:43:19,401 [INFO]   ICC Loss: 0.0000
2025-11-15 22:43:19,401 [INFO]   TCC Loss: 0.0000
2025-11-15 22:43:19,401 [INFO]   ITM Loss: 0.0000
2025-11-15 22:43:19,401 [INFO]   LM Loss: 0.0000
2025-11-15 22:43:19,401 [INFO]   Learning Rate: 0.000001
2025-11-15 22:43:19,401 [INFO] 
============================================================
2025-11-15 22:43:19,401 [INFO] Epoch 30/30
2025-11-15 22:43:19,401 [INFO] ============================================================
2025-11-15 22:43:19,874 [ERROR] Error in batch 0: Input image size (384*384) doesn't match model (224*224).
2025-11-15 22:43:19,911 [INFO] Epoch 30 Results:
2025-11-15 22:43:19,912 [INFO]   Average Loss: 0.0000
2025-11-15 22:43:19,912 [INFO]   ITC Loss: 0.0000
2025-11-15 22:43:19,912 [INFO]   ICC Loss: 0.0000
2025-11-15 22:43:19,912 [INFO]   TCC Loss: 0.0000
2025-11-15 22:43:19,912 [INFO]   ITM Loss: 0.0000
2025-11-15 22:43:19,912 [INFO]   LM Loss: 0.0000
2025-11-15 22:43:19,912 [INFO]   Learning Rate: 0.000001
2025-11-15 22:43:21,289 [INFO] 
============================================================
2025-11-15 22:43:21,290 [INFO] Training completed!
2025-11-15 22:43:21,290 [INFO] Best loss: 0.0000
2025-11-15 22:43:21,290 [INFO] ============================================================
