2025-11-12 00:00:53,272 [INFO] Starting CASC training...
2025-11-12 00:00:53,272 [INFO] Using device: cpu
2025-11-12 00:00:53,273 [INFO] Creating model...
2025-11-12 00:01:02,565 [INFO] Model created with 536,314,428 parameters
2025-11-12 00:01:02,566 [INFO] Loading dataset from /home/tri/Documents/Hust/Code/casc_demo/data/CUHK_PEDES_images/test...
2025-11-12 00:01:03,408 [INFO] Training dataset size: 100
2025-11-12 00:01:03,410 [INFO] Starting training loop...
2025-11-12 00:01:03,410 [INFO] 
============================================================
2025-11-12 00:01:03,410 [INFO] Epoch 1/30
2025-11-12 00:01:03,410 [INFO] ============================================================
2025-11-12 00:01:03,963 [ERROR] Error in batch 0: Input image size (384*384) doesn't match model (224*224).
2025-11-12 00:01:04,003 [INFO] Epoch 1 Results:
2025-11-12 00:01:04,003 [INFO]   Average Loss: 0.0000
2025-11-12 00:01:04,003 [INFO]   ITC Loss: 0.0000
2025-11-12 00:01:04,003 [INFO]   ICC Loss: 0.0000
2025-11-12 00:01:04,003 [INFO]   TCC Loss: 0.0000
2025-11-12 00:01:04,003 [INFO]   ITM Loss: 0.0000
2025-11-12 00:01:04,003 [INFO]   LM Loss: 0.0000
2025-11-12 00:01:04,004 [INFO]   Learning Rate: 0.000100
2025-11-12 00:01:05,760 [INFO]   ✓ New best model saved! Loss: 0.0000
2025-11-12 00:01:05,761 [INFO] 
============================================================
2025-11-12 00:01:05,761 [INFO] Epoch 2/30
2025-11-12 00:01:05,761 [INFO] ============================================================
2025-11-12 00:01:06,257 [ERROR] Error in batch 0: Input image size (384*384) doesn't match model (224*224).
2025-11-12 00:01:06,293 [INFO] Epoch 2 Results:
2025-11-12 00:01:06,293 [INFO]   Average Loss: 0.0000
2025-11-12 00:01:06,293 [INFO]   ITC Loss: 0.0000
2025-11-12 00:01:06,293 [INFO]   ICC Loss: 0.0000
2025-11-12 00:01:06,293 [INFO]   TCC Loss: 0.0000
2025-11-12 00:01:06,293 [INFO]   ITM Loss: 0.0000
2025-11-12 00:01:06,293 [INFO]   LM Loss: 0.0000
2025-11-12 00:01:06,294 [INFO]   Learning Rate: 0.000099
2025-11-12 00:01:06,294 [INFO] 
============================================================
2025-11-12 00:01:06,294 [INFO] Epoch 3/30
2025-11-12 00:01:06,294 [INFO] ============================================================
2025-11-12 00:01:06,782 [ERROR] Error in batch 0: Input image size (384*384) doesn't match model (224*224).
2025-11-12 00:01:06,830 [INFO] Epoch 3 Results:
2025-11-12 00:01:06,830 [INFO]   Average Loss: 0.0000
2025-11-12 00:01:06,830 [INFO]   ITC Loss: 0.0000
2025-11-12 00:01:06,830 [INFO]   ICC Loss: 0.0000
2025-11-12 00:01:06,830 [INFO]   TCC Loss: 0.0000
2025-11-12 00:01:06,830 [INFO]   ITM Loss: 0.0000
2025-11-12 00:01:06,830 [INFO]   LM Loss: 0.0000
2025-11-12 00:01:06,830 [INFO]   Learning Rate: 0.000098
2025-11-12 00:01:06,830 [INFO] 
============================================================
2025-11-12 00:01:06,830 [INFO] Epoch 4/30
2025-11-12 00:01:06,830 [INFO] ============================================================
2025-11-12 00:01:07,290 [ERROR] Error in batch 0: Input image size (384*384) doesn't match model (224*224).
2025-11-12 00:01:07,330 [INFO] Epoch 4 Results:
2025-11-12 00:01:07,330 [INFO]   Average Loss: 0.0000
2025-11-12 00:01:07,330 [INFO]   ITC Loss: 0.0000
2025-11-12 00:01:07,330 [INFO]   ICC Loss: 0.0000
2025-11-12 00:01:07,330 [INFO]   TCC Loss: 0.0000
2025-11-12 00:01:07,330 [INFO]   ITM Loss: 0.0000
2025-11-12 00:01:07,330 [INFO]   LM Loss: 0.0000
2025-11-12 00:01:07,330 [INFO]   Learning Rate: 0.000096
2025-11-12 00:01:07,330 [INFO] 
============================================================
2025-11-12 00:01:07,330 [INFO] Epoch 5/30
2025-11-12 00:01:07,331 [INFO] ============================================================
2025-11-12 00:01:07,798 [ERROR] Error in batch 0: Input image size (384*384) doesn't match model (224*224).
2025-11-12 00:01:07,837 [INFO] Epoch 5 Results:
2025-11-12 00:01:07,837 [INFO]   Average Loss: 0.0000
2025-11-12 00:01:07,837 [INFO]   ITC Loss: 0.0000
2025-11-12 00:01:07,837 [INFO]   ICC Loss: 0.0000
2025-11-12 00:01:07,837 [INFO]   TCC Loss: 0.0000
2025-11-12 00:01:07,837 [INFO]   ITM Loss: 0.0000
2025-11-12 00:01:07,837 [INFO]   LM Loss: 0.0000
2025-11-12 00:01:07,837 [INFO]   Learning Rate: 0.000093
2025-11-12 00:01:09,227 [INFO] 
============================================================
2025-11-12 00:01:09,227 [INFO] Epoch 6/30
2025-11-12 00:01:09,227 [INFO] ============================================================
2025-11-12 00:01:09,703 [ERROR] Error in batch 0: Input image size (384*384) doesn't match model (224*224).
2025-11-12 00:01:09,742 [INFO] Epoch 6 Results:
2025-11-12 00:01:09,742 [INFO]   Average Loss: 0.0000
2025-11-12 00:01:09,742 [INFO]   ITC Loss: 0.0000
2025-11-12 00:01:09,742 [INFO]   ICC Loss: 0.0000
2025-11-12 00:01:09,742 [INFO]   TCC Loss: 0.0000
2025-11-12 00:01:09,742 [INFO]   ITM Loss: 0.0000
2025-11-12 00:01:09,742 [INFO]   LM Loss: 0.0000
2025-11-12 00:01:09,742 [INFO]   Learning Rate: 0.000091
2025-11-12 00:01:09,742 [INFO] 
============================================================
2025-11-12 00:01:09,742 [INFO] Epoch 7/30
2025-11-12 00:01:09,742 [INFO] ============================================================
2025-11-12 00:01:10,192 [ERROR] Error in batch 0: Input image size (384*384) doesn't match model (224*224).
2025-11-12 00:01:10,231 [INFO] Epoch 7 Results:
2025-11-12 00:01:10,231 [INFO]   Average Loss: 0.0000
2025-11-12 00:01:10,231 [INFO]   ITC Loss: 0.0000
2025-11-12 00:01:10,231 [INFO]   ICC Loss: 0.0000
2025-11-12 00:01:10,231 [INFO]   TCC Loss: 0.0000
2025-11-12 00:01:10,231 [INFO]   ITM Loss: 0.0000
2025-11-12 00:01:10,231 [INFO]   LM Loss: 0.0000
2025-11-12 00:01:10,231 [INFO]   Learning Rate: 0.000087
2025-11-12 00:01:10,231 [INFO] 
============================================================
2025-11-12 00:01:10,231 [INFO] Epoch 8/30
2025-11-12 00:01:10,231 [INFO] ============================================================
2025-11-12 00:01:10,700 [ERROR] Error in batch 0: Input image size (384*384) doesn't match model (224*224).
2025-11-12 00:01:10,739 [INFO] Epoch 8 Results:
2025-11-12 00:01:10,740 [INFO]   Average Loss: 0.0000
2025-11-12 00:01:10,740 [INFO]   ITC Loss: 0.0000
2025-11-12 00:01:10,740 [INFO]   ICC Loss: 0.0000
2025-11-12 00:01:10,740 [INFO]   TCC Loss: 0.0000
2025-11-12 00:01:10,740 [INFO]   ITM Loss: 0.0000
2025-11-12 00:01:10,740 [INFO]   LM Loss: 0.0000
2025-11-12 00:01:10,740 [INFO]   Learning Rate: 0.000084
2025-11-12 00:01:10,740 [INFO] 
============================================================
2025-11-12 00:01:10,740 [INFO] Epoch 9/30
2025-11-12 00:01:10,740 [INFO] ============================================================
2025-11-12 00:01:11,201 [ERROR] Error in batch 0: Input image size (384*384) doesn't match model (224*224).
2025-11-12 00:01:11,239 [INFO] Epoch 9 Results:
2025-11-12 00:01:11,239 [INFO]   Average Loss: 0.0000
2025-11-12 00:01:11,239 [INFO]   ITC Loss: 0.0000
2025-11-12 00:01:11,239 [INFO]   ICC Loss: 0.0000
2025-11-12 00:01:11,239 [INFO]   TCC Loss: 0.0000
2025-11-12 00:01:11,239 [INFO]   ITM Loss: 0.0000
2025-11-12 00:01:11,239 [INFO]   LM Loss: 0.0000
2025-11-12 00:01:11,239 [INFO]   Learning Rate: 0.000080
2025-11-12 00:01:11,239 [INFO] 
============================================================
2025-11-12 00:01:11,239 [INFO] Epoch 10/30
2025-11-12 00:01:11,239 [INFO] ============================================================
2025-11-12 00:01:11,711 [ERROR] Error in batch 0: Input image size (384*384) doesn't match model (224*224).
2025-11-12 00:01:11,749 [INFO] Epoch 10 Results:
2025-11-12 00:01:11,749 [INFO]   Average Loss: 0.0000
2025-11-12 00:01:11,749 [INFO]   ITC Loss: 0.0000
2025-11-12 00:01:11,749 [INFO]   ICC Loss: 0.0000
2025-11-12 00:01:11,749 [INFO]   TCC Loss: 0.0000
2025-11-12 00:01:11,749 [INFO]   ITM Loss: 0.0000
2025-11-12 00:01:11,749 [INFO]   LM Loss: 0.0000
2025-11-12 00:01:11,749 [INFO]   Learning Rate: 0.000075
2025-11-12 00:01:12,990 [INFO] 
============================================================
2025-11-12 00:01:12,991 [INFO] Epoch 11/30
2025-11-12 00:01:12,991 [INFO] ============================================================
2025-11-12 00:01:13,469 [ERROR] Error in batch 0: Input image size (384*384) doesn't match model (224*224).
2025-11-12 00:01:13,510 [INFO] Epoch 11 Results:
2025-11-12 00:01:13,510 [INFO]   Average Loss: 0.0000
2025-11-12 00:01:13,510 [INFO]   ITC Loss: 0.0000
2025-11-12 00:01:13,510 [INFO]   ICC Loss: 0.0000
2025-11-12 00:01:13,510 [INFO]   TCC Loss: 0.0000
2025-11-12 00:01:13,510 [INFO]   ITM Loss: 0.0000
2025-11-12 00:01:13,510 [INFO]   LM Loss: 0.0000
2025-11-12 00:01:13,510 [INFO]   Learning Rate: 0.000071
2025-11-12 00:01:13,510 [INFO] 
============================================================
2025-11-12 00:01:13,510 [INFO] Epoch 12/30
2025-11-12 00:01:13,510 [INFO] ============================================================
2025-11-12 00:01:13,966 [ERROR] Error in batch 0: Input image size (384*384) doesn't match model (224*224).
2025-11-12 00:01:14,004 [INFO] Epoch 12 Results:
2025-11-12 00:01:14,004 [INFO]   Average Loss: 0.0000
2025-11-12 00:01:14,004 [INFO]   ITC Loss: 0.0000
2025-11-12 00:01:14,004 [INFO]   ICC Loss: 0.0000
2025-11-12 00:01:14,004 [INFO]   TCC Loss: 0.0000
2025-11-12 00:01:14,004 [INFO]   ITM Loss: 0.0000
2025-11-12 00:01:14,004 [INFO]   LM Loss: 0.0000
2025-11-12 00:01:14,004 [INFO]   Learning Rate: 0.000066
2025-11-12 00:01:14,004 [INFO] 
============================================================
2025-11-12 00:01:14,004 [INFO] Epoch 13/30
2025-11-12 00:01:14,004 [INFO] ============================================================
2025-11-12 00:01:14,456 [ERROR] Error in batch 0: Input image size (384*384) doesn't match model (224*224).
2025-11-12 00:01:14,500 [INFO] Epoch 13 Results:
2025-11-12 00:01:14,500 [INFO]   Average Loss: 0.0000
2025-11-12 00:01:14,500 [INFO]   ITC Loss: 0.0000
2025-11-12 00:01:14,500 [INFO]   ICC Loss: 0.0000
2025-11-12 00:01:14,500 [INFO]   TCC Loss: 0.0000
2025-11-12 00:01:14,500 [INFO]   ITM Loss: 0.0000
2025-11-12 00:01:14,500 [INFO]   LM Loss: 0.0000
2025-11-12 00:01:14,500 [INFO]   Learning Rate: 0.000061
2025-11-12 00:01:14,500 [INFO] 
============================================================
2025-11-12 00:01:14,500 [INFO] Epoch 14/30
2025-11-12 00:01:14,500 [INFO] ============================================================
2025-11-12 00:01:14,986 [ERROR] Error in batch 0: Input image size (384*384) doesn't match model (224*224).
2025-11-12 00:01:15,025 [INFO] Epoch 14 Results:
2025-11-12 00:01:15,025 [INFO]   Average Loss: 0.0000
2025-11-12 00:01:15,025 [INFO]   ITC Loss: 0.0000
2025-11-12 00:01:15,025 [INFO]   ICC Loss: 0.0000
2025-11-12 00:01:15,025 [INFO]   TCC Loss: 0.0000
2025-11-12 00:01:15,025 [INFO]   ITM Loss: 0.0000
2025-11-12 00:01:15,025 [INFO]   LM Loss: 0.0000
2025-11-12 00:01:15,025 [INFO]   Learning Rate: 0.000056
2025-11-12 00:01:15,025 [INFO] 
============================================================
2025-11-12 00:01:15,025 [INFO] Epoch 15/30
2025-11-12 00:01:15,025 [INFO] ============================================================
2025-11-12 00:01:15,479 [ERROR] Error in batch 0: Input image size (384*384) doesn't match model (224*224).
2025-11-12 00:01:15,519 [INFO] Epoch 15 Results:
2025-11-12 00:01:15,520 [INFO]   Average Loss: 0.0000
2025-11-12 00:01:15,520 [INFO]   ITC Loss: 0.0000
2025-11-12 00:01:15,520 [INFO]   ICC Loss: 0.0000
2025-11-12 00:01:15,520 [INFO]   TCC Loss: 0.0000
2025-11-12 00:01:15,520 [INFO]   ITM Loss: 0.0000
2025-11-12 00:01:15,520 [INFO]   LM Loss: 0.0000
2025-11-12 00:01:15,520 [INFO]   Learning Rate: 0.000051
2025-11-12 00:01:16,892 [INFO] 
============================================================
2025-11-12 00:01:16,893 [INFO] Epoch 16/30
2025-11-12 00:01:16,893 [INFO] ============================================================
2025-11-12 00:01:17,500 [ERROR] Error in batch 0: Input image size (384*384) doesn't match model (224*224).
2025-11-12 00:01:17,546 [INFO] Epoch 16 Results:
2025-11-12 00:01:17,547 [INFO]   Average Loss: 0.0000
2025-11-12 00:01:17,547 [INFO]   ITC Loss: 0.0000
2025-11-12 00:01:17,548 [INFO]   ICC Loss: 0.0000
2025-11-12 00:01:17,548 [INFO]   TCC Loss: 0.0000
2025-11-12 00:01:17,548 [INFO]   ITM Loss: 0.0000
2025-11-12 00:01:17,548 [INFO]   LM Loss: 0.0000
2025-11-12 00:01:17,548 [INFO]   Learning Rate: 0.000045
2025-11-12 00:01:17,548 [INFO] 
============================================================
2025-11-12 00:01:17,548 [INFO] Epoch 17/30
2025-11-12 00:01:17,548 [INFO] ============================================================
2025-11-12 00:01:18,042 [ERROR] Error in batch 0: Input image size (384*384) doesn't match model (224*224).
2025-11-12 00:01:18,079 [INFO] Epoch 17 Results:
2025-11-12 00:01:18,079 [INFO]   Average Loss: 0.0000
2025-11-12 00:01:18,079 [INFO]   ITC Loss: 0.0000
2025-11-12 00:01:18,079 [INFO]   ICC Loss: 0.0000
2025-11-12 00:01:18,079 [INFO]   TCC Loss: 0.0000
2025-11-12 00:01:18,079 [INFO]   ITM Loss: 0.0000
2025-11-12 00:01:18,079 [INFO]   LM Loss: 0.0000
2025-11-12 00:01:18,080 [INFO]   Learning Rate: 0.000040
2025-11-12 00:01:18,080 [INFO] 
============================================================
2025-11-12 00:01:18,080 [INFO] Epoch 18/30
2025-11-12 00:01:18,080 [INFO] ============================================================
2025-11-12 00:01:18,615 [ERROR] Error in batch 0: Input image size (384*384) doesn't match model (224*224).
2025-11-12 00:01:18,686 [INFO] Epoch 18 Results:
2025-11-12 00:01:18,686 [INFO]   Average Loss: 0.0000
2025-11-12 00:01:18,686 [INFO]   ITC Loss: 0.0000
2025-11-12 00:01:18,686 [INFO]   ICC Loss: 0.0000
2025-11-12 00:01:18,686 [INFO]   TCC Loss: 0.0000
2025-11-12 00:01:18,686 [INFO]   ITM Loss: 0.0000
2025-11-12 00:01:18,686 [INFO]   LM Loss: 0.0000
2025-11-12 00:01:18,686 [INFO]   Learning Rate: 0.000035
2025-11-12 00:01:18,686 [INFO] 
============================================================
2025-11-12 00:01:18,686 [INFO] Epoch 19/30
2025-11-12 00:01:18,686 [INFO] ============================================================
2025-11-12 00:01:19,167 [ERROR] Error in batch 0: Input image size (384*384) doesn't match model (224*224).
2025-11-12 00:01:19,207 [INFO] Epoch 19 Results:
2025-11-12 00:01:19,207 [INFO]   Average Loss: 0.0000
2025-11-12 00:01:19,207 [INFO]   ITC Loss: 0.0000
2025-11-12 00:01:19,207 [INFO]   ICC Loss: 0.0000
2025-11-12 00:01:19,207 [INFO]   TCC Loss: 0.0000
2025-11-12 00:01:19,207 [INFO]   ITM Loss: 0.0000
2025-11-12 00:01:19,207 [INFO]   LM Loss: 0.0000
2025-11-12 00:01:19,207 [INFO]   Learning Rate: 0.000030
2025-11-12 00:01:19,207 [INFO] 
============================================================
2025-11-12 00:01:19,207 [INFO] Epoch 20/30
2025-11-12 00:01:19,207 [INFO] ============================================================
2025-11-12 00:01:19,763 [ERROR] Error in batch 0: Input image size (384*384) doesn't match model (224*224).
2025-11-12 00:01:19,803 [INFO] Epoch 20 Results:
2025-11-12 00:01:19,803 [INFO]   Average Loss: 0.0000
2025-11-12 00:01:19,803 [INFO]   ITC Loss: 0.0000
2025-11-12 00:01:19,803 [INFO]   ICC Loss: 0.0000
2025-11-12 00:01:19,803 [INFO]   TCC Loss: 0.0000
2025-11-12 00:01:19,803 [INFO]   ITM Loss: 0.0000
2025-11-12 00:01:19,804 [INFO]   LM Loss: 0.0000
2025-11-12 00:01:19,804 [INFO]   Learning Rate: 0.000026
2025-11-12 00:01:21,352 [INFO] 
============================================================
2025-11-12 00:01:21,352 [INFO] Epoch 21/30
2025-11-12 00:01:21,352 [INFO] ============================================================
2025-11-12 00:01:21,836 [ERROR] Error in batch 0: Input image size (384*384) doesn't match model (224*224).
2025-11-12 00:01:21,876 [INFO] Epoch 21 Results:
2025-11-12 00:01:21,876 [INFO]   Average Loss: 0.0000
2025-11-12 00:01:21,876 [INFO]   ITC Loss: 0.0000
2025-11-12 00:01:21,876 [INFO]   ICC Loss: 0.0000
2025-11-12 00:01:21,876 [INFO]   TCC Loss: 0.0000
2025-11-12 00:01:21,876 [INFO]   ITM Loss: 0.0000
2025-11-12 00:01:21,876 [INFO]   LM Loss: 0.0000
2025-11-12 00:01:21,876 [INFO]   Learning Rate: 0.000021
2025-11-12 00:01:21,876 [INFO] 
============================================================
2025-11-12 00:01:21,876 [INFO] Epoch 22/30
2025-11-12 00:01:21,876 [INFO] ============================================================
2025-11-12 00:01:22,343 [ERROR] Error in batch 0: Input image size (384*384) doesn't match model (224*224).
2025-11-12 00:01:22,388 [INFO] Epoch 22 Results:
2025-11-12 00:01:22,388 [INFO]   Average Loss: 0.0000
2025-11-12 00:01:22,388 [INFO]   ITC Loss: 0.0000
2025-11-12 00:01:22,388 [INFO]   ICC Loss: 0.0000
2025-11-12 00:01:22,388 [INFO]   TCC Loss: 0.0000
2025-11-12 00:01:22,388 [INFO]   ITM Loss: 0.0000
2025-11-12 00:01:22,388 [INFO]   LM Loss: 0.0000
2025-11-12 00:01:22,388 [INFO]   Learning Rate: 0.000017
2025-11-12 00:01:22,388 [INFO] 
============================================================
2025-11-12 00:01:22,388 [INFO] Epoch 23/30
2025-11-12 00:01:22,388 [INFO] ============================================================
2025-11-12 00:01:22,928 [ERROR] Error in batch 0: Input image size (384*384) doesn't match model (224*224).
2025-11-12 00:01:22,978 [INFO] Epoch 23 Results:
2025-11-12 00:01:22,978 [INFO]   Average Loss: 0.0000
2025-11-12 00:01:22,978 [INFO]   ITC Loss: 0.0000
2025-11-12 00:01:22,978 [INFO]   ICC Loss: 0.0000
2025-11-12 00:01:22,978 [INFO]   TCC Loss: 0.0000
2025-11-12 00:01:22,978 [INFO]   ITM Loss: 0.0000
2025-11-12 00:01:22,978 [INFO]   LM Loss: 0.0000
2025-11-12 00:01:22,978 [INFO]   Learning Rate: 0.000014
2025-11-12 00:01:22,978 [INFO] 
============================================================
2025-11-12 00:01:22,978 [INFO] Epoch 24/30
2025-11-12 00:01:22,978 [INFO] ============================================================
