2025-11-15 22:48:44,848 [INFO] Starting CASC training...
2025-11-15 22:48:44,848 [INFO] Using device: cpu
2025-11-15 22:48:44,848 [INFO] Creating model...
2025-11-15 22:48:51,380 [INFO] Model created with 536,314,428 parameters
2025-11-15 22:48:51,381 [INFO] Loading dataset from /home/tri/Documents/Hust/Code/casc_demo/data/CUHK_PEDES_images/test1...
2025-11-15 22:48:52,194 [INFO] Training dataset size: 100
2025-11-15 22:48:52,196 [INFO] Starting training loop...
2025-11-15 22:48:52,196 [INFO] 
============================================================
2025-11-15 22:48:52,196 [INFO] Epoch 1/30
2025-11-15 22:48:52,196 [INFO] ============================================================
2025-11-15 22:48:52,694 [ERROR] Error in batch 0: Input image size (384*384) doesn't match model (224*224).
2025-11-15 22:48:52,729 [INFO] Epoch 1 Results:
2025-11-15 22:48:52,729 [INFO]   Average Loss: 0.0000
2025-11-15 22:48:52,729 [INFO]   ITC Loss: 0.0000
2025-11-15 22:48:52,729 [INFO]   ICC Loss: 0.0000
2025-11-15 22:48:52,730 [INFO]   TCC Loss: 0.0000
2025-11-15 22:48:52,730 [INFO]   ITM Loss: 0.0000
2025-11-15 22:48:52,730 [INFO]   LM Loss: 0.0000
2025-11-15 22:48:52,730 [INFO]   Learning Rate: 0.000100
2025-11-15 22:48:54,164 [INFO]   ✓ New best model saved! Loss: 0.0000
2025-11-15 22:48:54,164 [INFO] 
============================================================
2025-11-15 22:48:54,164 [INFO] Epoch 2/30
2025-11-15 22:48:54,164 [INFO] ============================================================
2025-11-15 22:48:54,662 [ERROR] Error in batch 0: Input image size (384*384) doesn't match model (224*224).
2025-11-15 22:48:54,698 [INFO] Epoch 2 Results:
2025-11-15 22:48:54,699 [INFO]   Average Loss: 0.0000
2025-11-15 22:48:54,699 [INFO]   ITC Loss: 0.0000
2025-11-15 22:48:54,699 [INFO]   ICC Loss: 0.0000
2025-11-15 22:48:54,699 [INFO]   TCC Loss: 0.0000
2025-11-15 22:48:54,699 [INFO]   ITM Loss: 0.0000
2025-11-15 22:48:54,699 [INFO]   LM Loss: 0.0000
2025-11-15 22:48:54,699 [INFO]   Learning Rate: 0.000099
2025-11-15 22:48:54,699 [INFO] 
============================================================
2025-11-15 22:48:54,699 [INFO] Epoch 3/30
2025-11-15 22:48:54,699 [INFO] ============================================================
2025-11-15 22:48:55,194 [ERROR] Error in batch 0: Input image size (384*384) doesn't match model (224*224).
2025-11-15 22:48:55,231 [INFO] Epoch 3 Results:
2025-11-15 22:48:55,231 [INFO]   Average Loss: 0.0000
2025-11-15 22:48:55,231 [INFO]   ITC Loss: 0.0000
2025-11-15 22:48:55,231 [INFO]   ICC Loss: 0.0000
2025-11-15 22:48:55,231 [INFO]   TCC Loss: 0.0000
2025-11-15 22:48:55,231 [INFO]   ITM Loss: 0.0000
2025-11-15 22:48:55,231 [INFO]   LM Loss: 0.0000
2025-11-15 22:48:55,231 [INFO]   Learning Rate: 0.000098
2025-11-15 22:48:55,231 [INFO] 
============================================================
2025-11-15 22:48:55,231 [INFO] Epoch 4/30
2025-11-15 22:48:55,232 [INFO] ============================================================
2025-11-15 22:48:55,715 [ERROR] Error in batch 0: Input image size (384*384) doesn't match model (224*224).
2025-11-15 22:48:55,755 [INFO] Epoch 4 Results:
2025-11-15 22:48:55,755 [INFO]   Average Loss: 0.0000
2025-11-15 22:48:55,755 [INFO]   ITC Loss: 0.0000
2025-11-15 22:48:55,755 [INFO]   ICC Loss: 0.0000
2025-11-15 22:48:55,755 [INFO]   TCC Loss: 0.0000
2025-11-15 22:48:55,755 [INFO]   ITM Loss: 0.0000
2025-11-15 22:48:55,755 [INFO]   LM Loss: 0.0000
2025-11-15 22:48:55,755 [INFO]   Learning Rate: 0.000096
2025-11-15 22:48:55,755 [INFO] 
============================================================
2025-11-15 22:48:55,755 [INFO] Epoch 5/30
2025-11-15 22:48:55,755 [INFO] ============================================================
2025-11-15 22:48:56,224 [ERROR] Error in batch 0: Input image size (384*384) doesn't match model (224*224).
2025-11-15 22:48:56,266 [INFO] Epoch 5 Results:
2025-11-15 22:48:56,267 [INFO]   Average Loss: 0.0000
2025-11-15 22:48:56,267 [INFO]   ITC Loss: 0.0000
2025-11-15 22:48:56,267 [INFO]   ICC Loss: 0.0000
2025-11-15 22:48:56,267 [INFO]   TCC Loss: 0.0000
2025-11-15 22:48:56,267 [INFO]   ITM Loss: 0.0000
2025-11-15 22:48:56,267 [INFO]   LM Loss: 0.0000
2025-11-15 22:48:56,267 [INFO]   Learning Rate: 0.000093
2025-11-15 22:48:57,609 [INFO] 
============================================================
2025-11-15 22:48:57,609 [INFO] Epoch 6/30
2025-11-15 22:48:57,609 [INFO] ============================================================
2025-11-15 22:48:58,090 [ERROR] Error in batch 0: Input image size (384*384) doesn't match model (224*224).
2025-11-15 22:48:58,130 [INFO] Epoch 6 Results:
2025-11-15 22:48:58,130 [INFO]   Average Loss: 0.0000
2025-11-15 22:48:58,130 [INFO]   ITC Loss: 0.0000
2025-11-15 22:48:58,130 [INFO]   ICC Loss: 0.0000
2025-11-15 22:48:58,130 [INFO]   TCC Loss: 0.0000
2025-11-15 22:48:58,130 [INFO]   ITM Loss: 0.0000
2025-11-15 22:48:58,131 [INFO]   LM Loss: 0.0000
2025-11-15 22:48:58,131 [INFO]   Learning Rate: 0.000091
2025-11-15 22:48:58,131 [INFO] 
============================================================
2025-11-15 22:48:58,131 [INFO] Epoch 7/30
2025-11-15 22:48:58,131 [INFO] ============================================================
2025-11-15 22:48:58,605 [ERROR] Error in batch 0: Input image size (384*384) doesn't match model (224*224).
2025-11-15 22:48:58,641 [INFO] Epoch 7 Results:
2025-11-15 22:48:58,642 [INFO]   Average Loss: 0.0000
2025-11-15 22:48:58,642 [INFO]   ITC Loss: 0.0000
2025-11-15 22:48:58,642 [INFO]   ICC Loss: 0.0000
2025-11-15 22:48:58,642 [INFO]   TCC Loss: 0.0000
2025-11-15 22:48:58,642 [INFO]   ITM Loss: 0.0000
2025-11-15 22:48:58,642 [INFO]   LM Loss: 0.0000
2025-11-15 22:48:58,642 [INFO]   Learning Rate: 0.000087
2025-11-15 22:48:58,642 [INFO] 
============================================================
2025-11-15 22:48:58,642 [INFO] Epoch 8/30
2025-11-15 22:48:58,642 [INFO] ============================================================
2025-11-15 22:48:59,101 [ERROR] Error in batch 0: Input image size (384*384) doesn't match model (224*224).
2025-11-15 22:48:59,139 [INFO] Epoch 8 Results:
2025-11-15 22:48:59,139 [INFO]   Average Loss: 0.0000
2025-11-15 22:48:59,139 [INFO]   ITC Loss: 0.0000
2025-11-15 22:48:59,139 [INFO]   ICC Loss: 0.0000
2025-11-15 22:48:59,139 [INFO]   TCC Loss: 0.0000
2025-11-15 22:48:59,139 [INFO]   ITM Loss: 0.0000
2025-11-15 22:48:59,139 [INFO]   LM Loss: 0.0000
2025-11-15 22:48:59,139 [INFO]   Learning Rate: 0.000084
2025-11-15 22:48:59,139 [INFO] 
============================================================
2025-11-15 22:48:59,139 [INFO] Epoch 9/30
2025-11-15 22:48:59,139 [INFO] ============================================================
2025-11-15 22:48:59,602 [ERROR] Error in batch 0: Input image size (384*384) doesn't match model (224*224).
2025-11-15 22:48:59,639 [INFO] Epoch 9 Results:
2025-11-15 22:48:59,640 [INFO]   Average Loss: 0.0000
2025-11-15 22:48:59,640 [INFO]   ITC Loss: 0.0000
2025-11-15 22:48:59,640 [INFO]   ICC Loss: 0.0000
2025-11-15 22:48:59,640 [INFO]   TCC Loss: 0.0000
2025-11-15 22:48:59,640 [INFO]   ITM Loss: 0.0000
2025-11-15 22:48:59,640 [INFO]   LM Loss: 0.0000
2025-11-15 22:48:59,640 [INFO]   Learning Rate: 0.000080
2025-11-15 22:48:59,640 [INFO] 
============================================================
2025-11-15 22:48:59,640 [INFO] Epoch 10/30
2025-11-15 22:48:59,640 [INFO] ============================================================
2025-11-15 22:49:00,107 [ERROR] Error in batch 0: Input image size (384*384) doesn't match model (224*224).
2025-11-15 22:49:00,142 [INFO] Epoch 10 Results:
2025-11-15 22:49:00,142 [INFO]   Average Loss: 0.0000
2025-11-15 22:49:00,143 [INFO]   ITC Loss: 0.0000
2025-11-15 22:49:00,143 [INFO]   ICC Loss: 0.0000
2025-11-15 22:49:00,143 [INFO]   TCC Loss: 0.0000
2025-11-15 22:49:00,143 [INFO]   ITM Loss: 0.0000
2025-11-15 22:49:00,143 [INFO]   LM Loss: 0.0000
2025-11-15 22:49:00,143 [INFO]   Learning Rate: 0.000075
